0 info it worked if it ends with ok
1 verbose cli [ '/Users/denizozger/local/bin/node',
1 verbose cli   '/Users/denizozger/local/bin/npm',
1 verbose cli   'run',
1 verbose cli   'lint' ]
2 info using npm@3.10.3
3 info using node@v6.5.0
4 verbose run-script [ 'prelint', 'lint', 'postlint' ]
5 info lifecycle giphinator@1.0.0~prelint: giphinator@1.0.0
6 silly lifecycle giphinator@1.0.0~prelint: no script for prelint, continuing
7 info lifecycle giphinator@1.0.0~lint: giphinator@1.0.0
8 verbose lifecycle giphinator@1.0.0~lint: unsafe-perm in lifecycle true
9 verbose lifecycle giphinator@1.0.0~lint: PATH: /Users/denizozger/local/lib/node_modules/npm/bin/node-gyp-bin:/Users/denizozger/Projects/denizozger/final/g1ph1nat0r/node_modules/.bin:/Users/denizozger/local/bin:/Users/denizozger/local/bin:/Users/denizozger/.nvm/versions/node/v6.4.0/bin:/Users/denizozger/anaconda/bin:/usr/local/heroku/bin:/opt/local/bin:/opt/local/sbin:/usr/local/bin:/usr/bin:/bin:/usr/sbin:/sbin:/usr/local/mysql/bin
10 verbose lifecycle giphinator@1.0.0~lint: CWD: /Users/denizozger/Projects/denizozger/final/g1ph1nat0r
11 silly lifecycle giphinator@1.0.0~lint: Args: [ '-c', 'jscs . && ./node_modules/.bin/jshint .' ]
12 silly lifecycle giphinator@1.0.0~lint: Returned: code: 2  signal: null
13 info lifecycle giphinator@1.0.0~lint: Failed to exec lint script
14 verbose stack Error: giphinator@1.0.0 lint: `jscs . && ./node_modules/.bin/jshint .`
14 verbose stack Exit status 2
14 verbose stack     at EventEmitter.<anonymous> (/Users/denizozger/local/lib/node_modules/npm/lib/utils/lifecycle.js:242:16)
14 verbose stack     at emitTwo (events.js:106:13)
14 verbose stack     at EventEmitter.emit (events.js:191:7)
14 verbose stack     at ChildProcess.<anonymous> (/Users/denizozger/local/lib/node_modules/npm/lib/utils/spawn.js:40:14)
14 verbose stack     at emitTwo (events.js:106:13)
14 verbose stack     at ChildProcess.emit (events.js:191:7)
14 verbose stack     at maybeClose (internal/child_process.js:877:16)
14 verbose stack     at Process.ChildProcess._handle.onexit (internal/child_process.js:226:5)
15 verbose pkgid giphinator@1.0.0
16 verbose cwd /Users/denizozger/Projects/denizozger/final/g1ph1nat0r
17 error Darwin 14.5.0
18 error argv "/Users/denizozger/local/bin/node" "/Users/denizozger/local/bin/npm" "run" "lint"
19 error node v6.5.0
20 error npm  v3.10.3
21 error code ELIFECYCLE
22 error giphinator@1.0.0 lint: `jscs . && ./node_modules/.bin/jshint .`
22 error Exit status 2
23 error Failed at the giphinator@1.0.0 lint script 'jscs . && ./node_modules/.bin/jshint .'.
23 error Make sure you have the latest version of node.js and npm installed.
23 error If you do, this is most likely a problem with the giphinator package,
23 error not with npm itself.
23 error Tell the author that this fails on your system:
23 error     jscs . && ./node_modules/.bin/jshint .
23 error You can get information on how to open an issue for this project with:
23 error     npm bugs giphinator
23 error Or if that isn't available, you can get their info via:
23 error     npm owner ls giphinator
23 error There is likely additional logging output above.
24 verbose exit [ 1, true ]
